<?xml version="1.0" encoding="UTF-8"?>
<beans xmlns="http://www.springframework.org/schema/beans"
       xmlns:xsi="http://www.w3.org/2001/XMLSchema-instance"
       xsi:schemaLocation="http://www.springframework.org/schema/beans
       http://www.springframework.org/schema/beans/spring-beans.xsd">


    <bean id="orderService" class="com.epam.brest.courses.service.OrderServiceImpl">
        <constructor-arg ref="orderDao"/>
    </bean>

    <bean id="orderDao" class="com.epam.brest.courses.dao.OrderDaoJdbc">
        <constructor-arg ref="jdbcTemplate"/>
    </bean>

    <bean id="carService" class="com.epam.brest.courses.service.CarServiceImpl">
        <constructor-arg ref="carDao"/>
    </bean>

    <bean id="carDao" class="com.epam.brest.courses.dao.CarDaoJdbc">
        <constructor-arg ref="jdbcTemplate"/>
    </bean>

    <bean id="carDtoService" class="com.epam.brest.courses.service.CarDtoServiceImpl">
        <constructor-arg ref="carDtoDao"/>
    </bean>

    <bean id="carDtoDao" class="com.epam.brest.courses.dao.CarDtoDaoJdbc">
        <constructor-arg ref="jdbcTemplate"/>
    </bean>

    <bean id="jdbcTemplate" class="org.springframework.jdbc.core.namedparam.NamedParameterJdbcTemplate">
        <constructor-arg ref="dataSource"/>
    </bean>

</beans>